<?xml version="1.0" encoding="UTF-8" standalone="no"?>
<testsuite errors="0" failures="0" name="io.cucumber.core.plugin.JUnitFormatter" skipped="0" tests="1" time="10.635">
<testcase classname="Test a los alert de la pagina" name="Revisar color de boton al hacer hover" time="10.261">
<system-out><![CDATA[Given Navegar al sitio web donde esta el alert..............................passed
When Como usuario hago hover en boton.......................................passed
Then Como usuario valido el color del hover.................................passed
]]></system-out>
</testcase>
</testsuite>
